<?xml version="1.0" encoding="UTF-8"?>
<!-- Generated by org.testng.reporters.JUnitXMLReporter -->
<testsuite ignored="0" hostname="DESKTOP-BE4RNUP" failures="0" tests="6" name="Default test" time="0.134" errors="0" timestamp="2022-10-29T11:27:20 IST">
  <testcase classname="annotations.TestNGgroupDemo" name="testE2EAndAcceptanceAndIntegrationMessage" time="0.022"/>
  <testcase classname="annotations.TestNGgroupDemo" name="testE2EAndAcceptanceMessage" time="0.004"/>
  <testcase classname="annotations.TestNGgroupDemo" name="testE2EMessage" time="0.002"/>
  <testcase classname="annotations.TestNGgroupDemo" name="testPrintMessage" time="0.006"/>
  <testcase classname="annotations.TestNGgroupDemo" name="testingAcceptanceMessage" time="0.006"/>
  <testcase classname="annotations.TestNGgroupDemo" name="testingIntegrationMessage" time="0.002"/>
</testsuite> <!-- Default test -->
